<?xml version="1.0" encoding="UTF-8"?>
<!-- Generated by org.testng.reporters.JUnitXMLReporter -->
<testsuite hostname="Kannapi" ignored="1" name="Test" tests="1" failures="0" timestamp="08 Dec 2022 20:47:36 GMT" time="9.216" errors="0">
  <testcase name="verifyDragAndDrop" time="1.866" classname="com.obsqura.selenium.pageObjectModel_POM.SimpleFormDemo"/>
  <testcase name="enterMessageAndVerifySingleInputField" time="0.0" classname="com.obsqura.selenium.pageObjectModel_POM.SimpleFormDemo">
    <ignored/>
  </testcase> <!-- enterMessageAndVerifySingleInputField -->
</testsuite> <!-- Test -->
