<?xml version="1.0" encoding="UTF-8"?>
<!-- Generated by org.testng.reporters.JUnitXMLReporter -->
<testsuite hostname="Kannapi" ignored="3" name="Test" tests="1" failures="0" timestamp="23 Nov 2022 11:54:31 GMT" time="10.031" errors="0">
  <testcase name="multiSelectDropdown" time="1.532" classname="com.obsqura.selenium.TestNGSample.SelectByIndex"/>
  <testcase name="selectDropdownByIndex" time="0.0" classname="com.obsqura.selenium.TestNGSample.SelectByIndex">
    <ignored/>
  </testcase> <!-- selectDropdownByIndex -->
  <testcase name="selectByValue" time="0.0" classname="com.obsqura.selenium.TestNGSample.SelectByIndex">
    <ignored/>
  </testcase> <!-- selectByValue -->
  <testcase name="getOptionsMethod" time="0.0" classname="com.obsqura.selenium.TestNGSample.SelectByIndex">
    <ignored/>
  </testcase> <!-- getOptionsMethod -->
</testsuite> <!-- Test -->
