<?xml version="1.0" encoding="UTF-8"?>
<!-- Generated by org.testng.reporters.JUnitXMLReporter -->
<testsuite hostname="Kannapi" ignored="0" name="Default test" tests="2" failures="0" timestamp="07 Dec 2022 15:19:41 GMT" time="11.684" errors="0">
  <testcase name="SelectMultipleInputColorAndVerify" time="1.615" classname="com.obsqura.selenium.pageObjectModel_POM.SelectInputPageDataFromExcelTest"/>
  <testcase name="selectSingleInputColorAndVerify" time="0.676" classname="com.obsqura.selenium.pageObjectModel_POM.SelectInputPageDataFromExcelTest"/>
</testsuite> <!-- Default test -->
