<?xml version="1.0" encoding="UTF-8"?>
<testng-results skipped="0" failed="0" ignored="0" total="1" passed="1">
  <reporter-output>
  </reporter-output>
  <suite name="Default suite" duration-ms="9541" started-at="2022-12-10T23:20:29Z" finished-at="2022-12-10T23:20:38Z">
    <groups>
    </groups>
    <test name="Default test" duration-ms="9541" started-at="2022-12-10T23:20:29Z" finished-at="2022-12-10T23:20:38Z">
      <class name="com.obsqura.selenium.POMHomeworks.Locators">
        <test-method status="PASS" signature="initializeBrowser()[pri:0, instance:com.obsqura.selenium.POMHomeworks.Locators@27c20538]" name="initializeBrowser" is-config="true" duration-ms="9255" started-at="2022-12-11T04:50:29Z" finished-at="2022-12-11T04:50:38Z">
          <reporter-output>
          </reporter-output>
        </test-method> <!-- initializeBrowser -->
        <test-method status="PASS" signature="locateByID()[pri:0, instance:com.obsqura.selenium.POMHomeworks.Locators@27c20538]" name="locateByID" duration-ms="241" started-at="2022-12-11T04:50:38Z" finished-at="2022-12-11T04:50:38Z">
          <reporter-output>
          </reporter-output>
        </test-method> <!-- locateByID -->
      </class> <!-- com.obsqura.selenium.POMHomeworks.Locators -->
    </test> <!-- Default test -->
  </suite> <!-- Default suite -->
</testng-results>
